Device: cpu

Loading data...
  Loaded OT single-cell pairs: 9616 pairs, 3010 genes
  OT groups: 57 (donor × cell_type)
  Group sizes: min=8, max=500, median=102
  Val/test mini-bulk: 57 groups, 50.2% zeros
  Cell type distribution:
    B cells                  8 pairs
    CD14+ Monocytes          8 pairs
    CD4 T cells              8 pairs
    CD8 T cells              8 pairs
    Dendritic cells          8 pairs
    FCGR3A+ Monocytes        8 pairs
    Megakaryocytes           1 pairs
    NK cells                 8 pairs
  Edges: 13878

  Donor split:
    TRAIN donors (4): ['patient_101', 'patient_1015', 'patient_1016', 'patient_1039']
    VAL donors   (1):   ['patient_107']
    TEST donors  (3):  ['patient_1244', 'patient_1256', 'patient_1488']
    Train pairs: 29, Val pairs: 7, Test pairs: 21
  Stochastic mini-bulk: 29 train groups, subsample 50 cells/group/epoch
  Train: 29 groups (stochastic mini-bulk each epoch)
  Val: 7 groups, Test: 21 groups
  Model parameters: 110,721

================================================================================
TRAINING START — 150 epochs
  Phase 1 (1-30):    MSE + cosine only (warm-up)
  Phase 2 (31-150): MSE + LFC + cosine (full loss)
  Loss weights: MSE=1.0, LFC=0.01 (after epoch 30), Cosine=0.1
  Batch size: 8, Early stopping patience: 30
  LR: 5e-4 with cosine annealing to 1e-6
================================================================================
  Epoch   1 | MSE=0.0215 | LFC=340.1684 | Cos=0.1960 | Total=0.0411 | val_r=0.8041+/-0.0547

    JAK-STAT LFC monitoring (epoch 1):
    Gene       Actual LFC   Pred LFC     Error      Top-50 DE?
    -------------------------------------------------------
    STAT1      2.62         -14.10       16.72      NO
    JAK1       -0.33        -17.57       17.24      NO
    MX1        20.18        0.00         20.18      NO
    ISG15      4.96         -16.15       21.10      NO
    IFIT1      19.91        0.00         19.91      NO
    IFIT3      20.51        0.00         20.51      NO
    IRF9       1.37         -14.83       16.20      NO
    OAS1       19.07        0.00         19.07      NO

  Epoch  10 | MSE=0.0157 | LFC=353.4251 | Cos=0.1576 | Total=0.0315 | val_r=0.8376+/-0.0550
  Epoch  20 | MSE=0.0136 | LFC=268.0548 | Cos=0.1322 | Total=0.0268 | val_r=0.8559+/-0.0583

    JAK-STAT LFC monitoring (epoch 25):
    Gene       Actual LFC   Pred LFC     Error      Top-50 DE?
    -------------------------------------------------------
    STAT1      2.62         -14.10       16.72      NO
    JAK1       -0.33        -0.35        0.01       NO
    MX1        20.18        0.00         20.18      NO
    ISG15      4.96         -1.22        6.18       NO
    IFIT1      19.91        0.00         19.91      NO
    IFIT3      20.51        0.00         20.51      NO
    IRF9       1.37         -14.83       16.20      NO
    OAS1       19.07        0.00         19.07      NO

  Epoch  30 | MSE=0.0128 | LFC=205.8624 | Cos=0.1238 | Total=0.0252 | val_r=0.8560+/-0.0581

  Phase 2: Adding LFC loss (beta=0.01)
  Epoch  40 | MSE=0.0155 | LFC=362.0373 | Cos=0.1582 | Total=1.8415 | val_r=0.8261+/-0.0551

  Early stopping at epoch 46. Best val r: 0.8567 at epoch 16
Best model (epoch 16) copied to: model_week3.pt
Training log saved: training_log_week3.txt

================================================================================
FINAL EVALUATION ON HELD-OUT TEST SET
================================================================================
  Test Pearson r: 0.8735 +/- 0.0635
  Test MSE:       0.0133
  Best val r:     0.8567 at epoch 16
  Early stopped:  True
  IFIT1 recovered: NOT YET

  JAK-STAT fold changes (test set):
  Gene       Pred FC    Actual FC  Error
  ----------------------------------------
  IFIT1      2.05       107.14     105.08
  IFIT3      1.30       43.12      41.82
  IFITM1     1.49       7.07       5.57
  IFITM3     1.12       12.22      11.10
  IRF1       1.06       1.58       0.53
  IRF9       1.30       2.93       1.63
  ISG15      1.05       15.28      14.23
  JAK1       1.03       0.98       0.06
  JAK2       2.98       3.41       0.43
  MX1        1.27       28.32      27.06
  MX2        1.66       22.28      20.62
  OAS1       1.16       11.22      10.06
  STAT1      1.27       5.73       4.47
  STAT2      2.33       7.86       5.53
  STAT3      1.14       1.58       0.44

  DEMO READY. Pearson r = 0.873 exceeds 0.80 target.

  Test info saved: test_split_info_week3.pt
